Arguments: 
  /usr/local/bin/node /usr/bin/yarn

PATH: 
  /home/anton-loyko/bin:/home/anton-loyko/.local/bin:/usr/local/sbin:/usr/local/bin:/usr/sbin:/usr/bin:/sbin:/bin:/usr/games:/usr/local/games:/snap/bin

Yarn version: 
  1.13.0

Node version: 
  8.11.4

Platform: 
  linux x64

Trace: 
  Error: https://registry.yarnpkg.com/babel-plugin-transform-spread: Not found
      at Request.params.callback [as _callback] (/usr/lib/node_modules/yarn/lib/cli.js:66255:18)
      at Request.self.callback (/usr/lib/node_modules/yarn/lib/cli.js:129397:22)
      at emitTwo (events.js:126:13)
      at Request.emit (events.js:214:7)
      at Request.<anonymous> (/usr/lib/node_modules/yarn/lib/cli.js:130369:10)
      at emitOne (events.js:116:13)
      at Request.emit (events.js:211:7)
      at IncomingMessage.<anonymous> (/usr/lib/node_modules/yarn/lib/cli.js:130291:12)
      at Object.onceWrapper (events.js:313:30)
      at emitNone (events.js:111:20)

npm manifest: 
  {
    "name": "todo-desktop",
    "productName": "todo-desktop",
    "version": "0.0.1",
    "description": "My Electron application description",
    "main": "src/index.js",
    "scripts": {
      "start": "electron-forge start",
      "package": "electron-forge package",
      "make": "electron-forge make",
      "publish": "electron-forge publish",
      "lint": "eslint --cache --color --ext .jsx,.js src"
    },
    "keywords": [],
    "author": "anton-loyko",
    "license": "MIT",
    "config": {
      "forge": {
        "make_targets": {
          "win32": [
            "squirrel"
          ],
          "darwin": [
            "zip"
          ],
          "linux": [
            "deb",
            "rpm"
          ]
        },
        "electronPackagerConfig": {
          "packageManager": "yarn"
        },
        "electronWinstallerConfig": {
          "name": "my_new_project"
        },
        "electronInstallerDebian": {},
        "electronInstallerRedhat": {},
        "github_repository": {
          "owner": "",
          "name": ""
        },
        "windowsStoreConfig": {
          "packageName": "",
          "name": "todo-desktop"
        }
      }
    },
    "browserslist": [
      "Electron >= 1.8",
      ">0.2%",
      "not dead",
      "not ie <= 11",
      "not op_mini all"
    ],
    "prettier": {
      "semi": false,
      "printWidth": 100,
      "arrowParens": "avoid"
    },
    "dependencies": {
      "axios": "^0.18.0",
      "electron-compile": "^6.4.4",
      "electron-devtools-installer": "^2.1.0",
      "electron-squirrel-startup": "^1.0.0",
      "googleapis": "27",
      "prettier": "^1.16.4",
      "react": "^16.8.3",
      "react-dom": "^16.8.3",
      "react-hot-loader": "^4.7.1",
      "semantic-ui-css": "^2.4.1",
      "semantic-ui-react": "^0.85.0"
    },
    "devDependencies": {
      "babel-plugin-transform-spread": "^7.2.2",
      "babel-plugin-transform-async-to-generator": "^6.24.1",
      "babel-plugin-transform-es2015-classes": "^6.24.1",
      "babel-preset-env": "^1.7.0",
      "babel-preset-react": "^6.24.1",
      "browserslist": "^4.4.2",
      "electron-forge": "^5.2.4",
      "electron-prebuilt-compile": "4.0.0",
      "eslint": "^3",
      "eslint-config-airbnb": "^15",
      "eslint-config-prettier": "^4.0.0",
      "eslint-plugin-import": "^2",
      "eslint-plugin-jsx-a11y": "^5",
      "eslint-plugin-prettier": "^2.6.2",
      "eslint-plugin-react": "^7"
    }
  }

yarn manifest: 
  No manifest

Lockfile: 
  No lockfile
